<?xml version="1.0" encoding="utf-8"?><testsuites name="pytest tests"><testsuite name="pytest" errors="0" failures="0" skipped="0" tests="49" time="5.388" timestamp="2026-07-07T03:22:59.861665+00:00" hostname="agent-env-2d45a4b1-75d6-4081-a8e7-42bf6a47c238"><testcase classname="backend.tests.backend_test.TestHealth" name="test_health" time="0.288" /><testcase classname="backend.tests.backend_test.TestAuth" name="test_login_success" time="0.124" /><testcase classname="backend.tests.backend_test.TestAuth" name="test_login_wrong_password" time="0.118" /><testcase classname="backend.tests.backend_test.TestAuth" name="test_login_bad_format" time="0.045" /><testcase classname="backend.tests.backend_test.TestAuth" name="test_me_authenticated" time="0.283" /><testcase classname="backend.tests.backend_test.TestAuth" name="test_me_no_auth" time="0.046" /><testcase classname="backend.tests.backend_test.TestProjectsPublic" name="test_list_default[games]" time="0.059" /><testcase classname="backend.tests.backend_test.TestProjectsPublic" name="test_list_default[dapps]" time="0.045" /><testcase classname="backend.tests.backend_test.TestProjectsPublic" name="test_top[games]" time="0.051" /><testcase classname="backend.tests.backend_test.TestProjectsPublic" name="test_top[dapps]" time="0.047" /><testcase classname="backend.tests.backend_test.TestProjectsPublic" name="test_slug_and_view_increment[games]" time="0.137" /><testcase classname="backend.tests.backend_test.TestProjectsPublic" name="test_slug_and_view_increment[dapps]" time="0.140" /><testcase classname="backend.tests.backend_test.TestProjectsPublic" name="test_slug_not_found[games]" time="0.045" /><testcase classname="backend.tests.backend_test.TestProjectsPublic" name="test_slug_not_found[dapps]" time="0.048" /><testcase classname="backend.tests.backend_test.TestProjectsPublic" name="test_like[games]" time="0.146" /><testcase classname="backend.tests.backend_test.TestProjectsPublic" name="test_like[dapps]" time="0.146" /><testcase classname="backend.tests.backend_test.TestSearch" name="test_search_crypto" time="0.058" /><testcase classname="backend.tests.backend_test.TestSearch" name="test_search_empty" time="0.043" /><testcase classname="backend.tests.backend_test.TestBlogs" name="test_list_public" time="0.046" /><testcase classname="backend.tests.backend_test.TestBlogs" name="test_top" time="0.047" /><testcase classname="backend.tests.backend_test.TestBlogs" name="test_slug" time="0.095" /><testcase classname="backend.tests.backend_test.TestAdminAuthGuards" name="test_create_game_unauth" time="0.042" /><testcase classname="backend.tests.backend_test.TestAdminAuthGuards" name="test_admin_stats_unauth" time="0.049" /><testcase classname="backend.tests.backend_test.TestAdminAuthGuards" name="test_admin_stats_authed" time="0.055" /><testcase classname="backend.tests.backend_test.TestGameCRUD" name="test_full_cycle" time="0.575" /><testcase classname="backend.tests.backend_test.TestBlogCRUD" name="test_full_cycle" time="0.279" /><testcase classname="backend.tests.backend_test.TestPublicForms" name="test_contact_submit" time="0.048" /><testcase classname="backend.tests.backend_test.TestPublicForms" name="test_contact_invalid" time="0.048" /><testcase classname="backend.tests.backend_test.TestPublicForms" name="test_newsletter_subscribe" time="0.108" /><testcase classname="backend.tests.backend_test.TestPublicForms" name="test_newsletter_invalid" time="0.047" /><testcase classname="backend.tests.backend_test.TestUpload" name="test_upload_single_unauth" time="0.117" /><testcase classname="backend.tests.backend_test.TestUpload" name="test_upload_single_authed" time="0.158" /><testcase classname="backend.tests.backend_test.TestUpload" name="test_upload_multiple_authed" time="0.105" /><testcase classname="backend.tests.backend_test.TestUpload" name="test_upload_status_unauth" time="0.051" /><testcase classname="backend.tests.backend_test.TestUpload" name="test_upload_status_authed" time="0.043" /><testcase classname="backend.tests.backend_test.TestUpload" name="test_upload_single_returns_storage" time="0.124" /><testcase classname="backend.tests.backend_test.TestCategories" name="test_list_public" time="0.049" /><testcase classname="backend.tests.backend_test.TestCategories" name="test_list_filter_by_type[game]" time="0.045" /><testcase classname="backend.tests.backend_test.TestCategories" name="test_list_filter_by_type[dapp]" time="0.043" /><testcase classname="backend.tests.backend_test.TestCategories" name="test_list_filter_by_type[blog]" time="0.043" /><testcase classname="backend.tests.backend_test.TestCategories" name="test_create_requires_auth" time="0.052" /><testcase classname="backend.tests.backend_test.TestCategories" name="test_create_and_dup" time="0.178" /><testcase classname="backend.tests.backend_test.TestCategories" name="test_update_and_delete" time="0.237" /><testcase classname="backend.tests.backend_test.TestCategories" name="test_cleanup_created" time="0.132" /><testcase classname="backend.tests.backend_test.TestAdminNewsletter" name="test_unauth_list" time="0.044" /><testcase classname="backend.tests.backend_test.TestAdminNewsletter" name="test_unauth_export" time="0.046" /><testcase classname="backend.tests.backend_test.TestAdminNewsletter" name="test_seed_and_list" time="0.094" /><testcase classname="backend.tests.backend_test.TestAdminNewsletter" name="test_export_csv" time="0.089" /><testcase classname="backend.tests.backend_test.TestAdminNewsletter" name="test_delete_subscriber" time="0.233" /></testsuite></testsuites>